     1                                  bits 32
     2                                  
     3                                  global start
     4                                  
     5                                  extern exit, printf
     6                                  import exit msvcrt.dll
     7                                  import printf msvcrt.dll        
     8                                  
     9                                  segment data use32 class=data
    10 00000000 F7FFFFFF                    a dd -9
    11 00000004 06000000                    b dd 6
    12 00000008 2564202A202564203D-         format db "%d * %d = %d", 0
    12 00000011 20256400           
    13                                  
    14                                  segment code use32 class=code
    15                                      start:
    16                                          ;Two natural numbers a and b (a, b: dword, defined in the data segment) are given. Calculate their product and display the result in the following format: "<a> * <b> = <result>". Example: "2 * 4 = 8". The va
    17 00000000 BA00000000                      mov edx, 0
    18 00000005 B800000000                      mov eax, 0
    19 0000000A A1[00000000]                    mov eax, [a]
    20 0000000F F72D[04000000]                  imul dword [b]      ; Compute the signed multiplication on EDX:EAX
    21                                          
    22 00000015 50                              push dword eax      ; Push the parameters in reversed order; Push the low part
    23 00000016 83FAFF                          cmp edx, dword -1
    24 00000019 7401                            je no
    25 0000001B 52                              push dword edx      ; Push the high part of the result
    26                                          no:
    27 0000001C FF35[04000000]                  push dword [b]
    28 00000022 FF35[00000000]                  push dword [a]
    29 00000028 68[08000000]                    push dword format
    30 0000002D FF15[00000000]                  call [printf]
    31 00000033 83C414                          add esp, 4*5        ; Free parameters on the stack (5 dwords)
    32                                          
    33 00000036 6A00                            push dword 0
    34 00000038 FF15[00000000]                  call [exit]
