Compiling the C compiler identification source file "CMakeCCompilerId.c" failed.
Compiler: D:/Apps Setup/Microsoft Visual Studio/VS/VC/Tools/MSVC/14.31.31103/bin/Hostx64/x64/cl.exe 
Build flags: 
Id flags:  

The output was:
2
Microsoft (R) C/C++ Optimizing Compiler Version 19.31.31104 for x64
Copyright (C) Microsoft Corporation.  All rights reserved.

CMakeCCompilerId.c
Microsoft (R) Incremental Linker Version 14.31.31104.0
Copyright (C) Microsoft Corporation.  All rights reserved.

/out:CMakeCCompilerId.exe 
CMakeCCompilerId.obj 
LINK : fatal error LNK1104: cannot open file 'kernel32.lib'


Detecting C compiler ABI info failed to compile with the following output:
Change Dir: D:/Moveable-Personal/CS Work/College/Facultate/Sem II/OOP/Laboratories/a1-iuliagroza/out/build/x64-Debug/CMakeFiles/CMakeTmp

Run Build Command(s):D:/Apps Setup/Microsoft Visual Studio/VS/Common7/IDE/CommonExtensions/Microsoft/CMake/Ninja/ninja.exe cmTC_52993 && [1/2] Building C object CMakeFiles\cmTC_52993.dir\CMakeCCompilerABI.c.obj
[2/2] Linking C executable cmTC_52993.exe
FAILED: cmTC_52993.exe 
cmd.exe /C "cd . && "D:\Apps Setup\Microsoft Visual Studio\VS\Common7\IDE\CommonExtensions\Microsoft\CMake\CMake\bin\cmake.exe" -E vs_link_exe --intdir=CMakeFiles\cmTC_52993.dir --rc=rc --mt=CMAKE_MT-NOTFOUND --manifests  -- "D:\Apps Setup\Microsoft Visual Studio\VS\VC\Tools\MSVC\14.31.31103\bin\Hostx64\x64\link.exe" /nologo CMakeFiles\cmTC_52993.dir\CMakeCCompilerABI.c.obj  /out:cmTC_52993.exe /implib:cmTC_52993.lib /pdb:cmTC_52993.pdb /version:0.0 /machine:x64  /debug /INCREMENTAL /subsystem:console  kernel32.lib user32.lib gdi32.lib winspool.lib shell32.lib ole32.lib oleaut32.lib uuid.lib comdlg32.lib advapi32.lib && cd ."
RC Pass 1: command "rc /fo CMakeFiles\cmTC_52993.dir/manifest.res CMakeFiles\cmTC_52993.dir/manifest.rc" failed (exit code 0) with the following output:
The system cannot find the file specified
ninja: build stopped: subcommand failed.




Determining if the C compiler works failed with the following output:
Change Dir: D:/Moveable-Personal/CS Work/College/Facultate/Sem II/OOP/Laboratories/a1-iuliagroza/out/build/x64-Debug/CMakeFiles/CMakeTmp

Run Build Command(s):D:/Apps Setup/Microsoft Visual Studio/VS/Common7/IDE/CommonExtensions/Microsoft/CMake/Ninja/ninja.exe cmTC_134b6 && [1/2] Building C object CMakeFiles\cmTC_134b6.dir\testCCompiler.c.obj
[2/2] Linking C executable cmTC_134b6.exe
FAILED: cmTC_134b6.exe 
cmd.exe /C "cd . && "D:\Apps Setup\Microsoft Visual Studio\VS\Common7\IDE\CommonExtensions\Microsoft\CMake\CMake\bin\cmake.exe" -E vs_link_exe --intdir=CMakeFiles\cmTC_134b6.dir --rc=rc --mt=CMAKE_MT-NOTFOUND --manifests  -- "D:\Apps Setup\Microsoft Visual Studio\VS\VC\Tools\MSVC\14.31.31103\bin\Hostx64\x64\link.exe" /nologo CMakeFiles\cmTC_134b6.dir\testCCompiler.c.obj  /out:cmTC_134b6.exe /implib:cmTC_134b6.lib /pdb:cmTC_134b6.pdb /version:0.0 /machine:x64  /debug /INCREMENTAL /subsystem:console  kernel32.lib user32.lib gdi32.lib winspool.lib shell32.lib ole32.lib oleaut32.lib uuid.lib comdlg32.lib advapi32.lib && cd ."
RC Pass 1: command "rc /fo CMakeFiles\cmTC_134b6.dir/manifest.res CMakeFiles\cmTC_134b6.dir/manifest.rc" failed (exit code 0) with the following output:
The system cannot find the file specified
ninja: build stopped: subcommand failed.



