(var, -1)
(n, 110)
(;, -1)
(n, 110)
(=, -1)
(readInt, -1)
((, -1)
(), -1)
(;, -1)
(var, -1)
(prime, 29)
(=, -1)
(1, 49)
(;, -1)
(var, -1)
(d, 100)
(=, -1)
(2, 50)
(;, -1)
(while, -1)
((, -1)
(d, 100)
(*, -1)
(d, 100)
(<=, -1)
(n, 110)
(&&, -1)
(prime, 29)
(==, -1)
(1, 49)
(), -1)
({, -1)
(if, -1)
((, -1)
(n, 110)
(%, -1)
(d, 100)
(==, -1)
(0, 48)
(), -1)
({, -1)
(prime, 29)
(=, -1)
(0, 48)
(;, -1)
(}, -1)
(;, -1)
(d, 100)
(=, -1)
(d, 100)
(+, -1)
(1, 49)
(;, -1)
(}, -1)
(;, -1)
(if, -1)
((, -1)
(prime, 29)
(==, -1)
(1, 49)
(), -1)
({, -1)
(print, -1)
((, -1)
("prime", 97)
(), -1)
(;, -1)
(}, -1)
(else, -1)
({, -1)
(print, -1)
((, -1)
("not prime", 210)
(), -1)
(;, -1)
(}, -1)
(;, -1)
